<?xml version="1.0" encoding="UTF-8"?>
<!-- Generated by org.testng.reporters.JUnitXMLReporter -->
<testsuite hostname="deanas-mbp.lan" ignored="0" name="Default test" tests="3" failures="0" timestamp="28 Aug 2017 06:02:36 GMT" time="35.047" errors="0">
  <testcase name="freePlanSingupTest" time="18.554" classname="hellosign.NewUserFreePlanTest"/>
  <testcase name="freePlanSingupTest" time="11.306" classname="hellosign.NewUserFreePlanTest"/>
  <testcase name="testSetup" time="2.244" classname="hellosign.NewUserFreePlanTest"/>
</testsuite> <!-- Default test -->
