<?xml version="1.0" encoding="UTF-8"?>
<testng-results skipped="0" failed="0" ignored="0" total="2" passed="2">
  <reporter-output>
  </reporter-output>
  <suite name="Suite" duration-ms="32343" started-at="2017-08-28T08:50:07Z" finished-at="2017-08-28T08:50:39Z">
    <groups>
    </groups>
    <test name="Test" duration-ms="32343" started-at="2017-08-28T08:50:07Z" finished-at="2017-08-28T08:50:39Z">
      <class name="hellosign.NewUserFreePlanTest">
        <test-method status="PASS" signature="testSetup()[pri:0, instance:hellosign.NewUserFreePlanTest@4909b8da]" name="testSetup" is-config="true" duration-ms="2690" started-at="2017-08-28T01:50:07Z" finished-at="2017-08-28T01:50:10Z">
          <reporter-output>
          </reporter-output>
        </test-method> <!-- testSetup -->
        <test-method status="PASS" signature="freePlanSingupTest(java.lang.String, java.lang.String, java.lang.String, java.lang.String, java.lang.String)[pri:0, instance:hellosign.NewUserFreePlanTest@4909b8da]" name="freePlanSingupTest" duration-ms="17810" started-at="2017-08-28T01:50:10Z" data-provider="getData" finished-at="2017-08-28T01:50:28Z">
          <params>
            <param index="0">
              <value>
                <![CDATA[Cory.Buckridge@gmail.com]]>
              </value>
            </param>
            <param index="1">
              <value>
                <![CDATA[Cory]]>
              </value>
            </param>
            <param index="2">
              <value>
                <![CDATA[Buckridge]]>
              </value>
            </param>
            <param index="3">
              <value>
                <![CDATA[police officer]]>
              </value>
            </param>
            <param index="4">
              <value>
                <![CDATA[Lehner Group]]>
              </value>
            </param>
          </params>
          <reporter-output>
          </reporter-output>
        </test-method> <!-- freePlanSingupTest -->
        <test-method status="PASS" signature="freePlanSingupTest(java.lang.String, java.lang.String, java.lang.String, java.lang.String, java.lang.String)[pri:0, instance:hellosign.NewUserFreePlanTest@4909b8da]" name="freePlanSingupTest" duration-ms="11525" started-at="2017-08-28T01:50:28Z" data-provider="getData" finished-at="2017-08-28T01:50:39Z">
          <params>
            <param index="0">
              <value>
                <![CDATA[Ari.Monahan@gmail.com]]>
              </value>
            </param>
            <param index="1">
              <value>
                <![CDATA[Ari]]>
              </value>
            </param>
            <param index="2">
              <value>
                <![CDATA[Monahan]]>
              </value>
            </param>
            <param index="3">
              <value>
                <![CDATA[advocate]]>
              </value>
            </param>
            <param index="4">
              <value>
                <![CDATA[Yundt-Yundt]]>
              </value>
            </param>
          </params>
          <reporter-output>
          </reporter-output>
        </test-method> <!-- freePlanSingupTest -->
        <test-method status="PASS" signature="teardown()[pri:0, instance:hellosign.NewUserFreePlanTest@4909b8da]" name="teardown" is-config="true" duration-ms="123" started-at="2017-08-28T01:50:39Z" finished-at="2017-08-28T01:50:39Z">
          <reporter-output>
          </reporter-output>
        </test-method> <!-- teardown -->
      </class> <!-- hellosign.NewUserFreePlanTest -->
    </test> <!-- Test -->
  </suite> <!-- Suite -->
</testng-results>
