<?xml version="1.0" encoding="UTF-8"?>
<testng-results skipped="0" failed="0" ignored="0" total="1" passed="1">
  <reporter-output>
  </reporter-output>
  <suite name="Default suite" duration-ms="21008" started-at="2017-09-01T23:34:13Z" finished-at="2017-09-01T23:34:34Z">
    <groups>
    </groups>
    <test name="Default test" duration-ms="21008" started-at="2017-09-01T23:34:13Z" finished-at="2017-09-01T23:34:34Z">
      <class name="hellosign.NewUserFreePlanTest">
        <test-method status="PASS" signature="testSetup()[pri:0, instance:hellosign.NewUserFreePlanTest@146ba0ac]" name="testSetup" is-config="true" duration-ms="2725" started-at="2017-09-01T16:34:13Z" finished-at="2017-09-01T16:34:16Z">
          <reporter-output>
          </reporter-output>
        </test-method> <!-- testSetup -->
        <test-method status="PASS" signature="freePlanSingupTest(java.lang.String, java.lang.String, java.lang.String, java.lang.String, java.lang.String)[pri:0, instance:hellosign.NewUserFreePlanTest@146ba0ac]" name="freePlanSingupTest" duration-ms="17990" started-at="2017-09-01T16:34:16Z" data-provider="getData" finished-at="2017-09-01T16:34:34Z">
          <params>
            <param index="0">
              <value>
                <![CDATA[Daisha.Mosciski@gmail.com]]>
              </value>
            </param>
            <param index="1">
              <value>
                <![CDATA[Daisha]]>
              </value>
            </param>
            <param index="2">
              <value>
                <![CDATA[Mosciski]]>
              </value>
            </param>
            <param index="3">
              <value>
                <![CDATA[police officer]]>
              </value>
            </param>
            <param index="4">
              <value>
                <![CDATA[Armstrong Inc]]>
              </value>
            </param>
          </params>
          <reporter-output>
          </reporter-output>
        </test-method> <!-- freePlanSingupTest -->
        <test-method status="PASS" signature="teardown()[pri:0, instance:hellosign.NewUserFreePlanTest@146ba0ac]" name="teardown" is-config="true" duration-ms="103" started-at="2017-09-01T16:34:34Z" finished-at="2017-09-01T16:34:34Z">
          <reporter-output>
          </reporter-output>
        </test-method> <!-- teardown -->
      </class> <!-- hellosign.NewUserFreePlanTest -->
    </test> <!-- Default test -->
  </suite> <!-- Default suite -->
</testng-results>
